2026-01-12 23:48:50 - __main__ - INFO - Starting video pipeline application
2026-01-12 23:48:50 - __main__ - INFO - Using video file: People.mp4
2026-01-12 23:48:50 - __main__ - INFO - Creating processes...
2026-01-12 23:48:50 - __main__ - INFO - Starting processes...
2026-01-12 23:48:50 - __main__ - DEBUG - Streamer process started
2026-01-12 23:48:50 - __main__ - DEBUG - Detector process started
2026-01-12 23:48:50 - __main__ - DEBUG - Presenter process started
2026-01-12 23:48:50 - __main__ - INFO - Waiting for processes to complete...
2026-01-12 23:48:50 - detector - INFO - Starting detector process
2026-01-12 23:48:50 - detector - DEBUG - Waiting for frame from input queue...
2026-01-12 23:48:50 - streamer - INFO - Starting streamer process for video: People.mp4
2026-01-12 23:48:50 - presenter - INFO - Starting presenter process
2026-01-12 23:48:50 - presenter - DEBUG - Waiting for processed frame...
2026-01-12 23:48:50 - streamer - INFO - Video opened successfully. FPS: 25.0
2026-01-12 23:48:51 - detector - DEBUG - Processing frame 1
2026-01-12 23:48:51 - detector - DEBUG - First frame, skipping motion detection
2026-01-12 23:48:51 - detector - DEBUG - Waiting for frame from input queue...
2026-01-12 23:48:51 - detector - DEBUG - Processing frame 2
2026-01-12 23:48:51 - detector - DEBUG - Motion detected in frame 1. Contours found: 104
2026-01-12 23:48:51 - detector - DEBUG - Waiting for frame from input queue...
2026-01-12 23:48:51 - detector - DEBUG - Processing frame 3
2026-01-12 23:48:51 - detector - DEBUG - Motion detected in frame 2. Contours found: 119
2026-01-12 23:48:51 - detector - DEBUG - Waiting for frame from input queue...
2026-01-12 23:48:51 - detector - DEBUG - Processing frame 4
2026-01-12 23:48:51 - detector - DEBUG - Motion detected in frame 3. Contours found: 125
2026-01-12 23:48:51 - detector - DEBUG - Waiting for frame from input queue...
2026-01-12 23:48:51 - detector - DEBUG - Processing frame 5
2026-01-12 23:48:51 - detector - DEBUG - Motion detected in frame 4. Contours found: 133
2026-01-12 23:48:51 - detector - DEBUG - Waiting for frame from input queue...
2026-01-12 23:48:51 - detector - DEBUG - Processing frame 6
2026-01-12 23:48:51 - detector - DEBUG - Motion detected in frame 5. Contours found: 138
2026-01-12 23:48:51 - detector - DEBUG - Waiting for frame from input queue...
2026-01-12 23:48:51 - detector - DEBUG - Processing frame 7
2026-01-12 23:48:51 - detector - DEBUG - Motion detected in frame 6. Contours found: 121
2026-01-12 23:48:51 - detector - DEBUG - Waiting for frame from input queue...
2026-01-12 23:48:51 - detector - DEBUG - Processing frame 8
2026-01-12 23:48:51 - presenter - DEBUG - Waiting for processed frame...
2026-01-12 23:48:51 - detector - DEBUG - Motion detected in frame 7. Contours found: 108
2026-01-12 23:48:51 - detector - DEBUG - Waiting for frame from input queue...
2026-01-12 23:48:51 - detector - DEBUG - Processing frame 9
2026-01-12 23:48:51 - detector - DEBUG - Motion detected in frame 8. Contours found: 141
2026-01-12 23:48:51 - detector - DEBUG - Waiting for frame from input queue...
2026-01-12 23:48:51 - streamer - DEBUG - Streamed 100 frames
2026-01-12 23:48:51 - presenter - DEBUG - Waiting for processed frame...
2026-01-12 23:48:51 - detector - DEBUG - Processing frame 10
2026-01-12 23:48:51 - detector - DEBUG - Motion detected in frame 9. Contours found: 158
2026-01-12 23:48:51 - detector - DEBUG - Waiting for frame from input queue...
2026-01-12 23:48:51 - detector - DEBUG - Processing frame 11
2026-01-12 23:48:51 - detector - DEBUG - Motion detected in frame 10. Contours found: 140
2026-01-12 23:48:51 - detector - DEBUG - Waiting for frame from input queue...
2026-01-12 23:48:51 - detector - DEBUG - Processing frame 12
2026-01-12 23:48:51 - detector - DEBUG - Motion detected in frame 11. Contours found: 168
2026-01-12 23:48:51 - detector - DEBUG - Waiting for frame from input queue...
2026-01-12 23:48:51 - presenter - DEBUG - Waiting for processed frame...
2026-01-12 23:48:51 - detector - DEBUG - Processing frame 13
2026-01-12 23:48:51 - detector - DEBUG - Motion detected in frame 12. Contours found: 114
2026-01-12 23:48:51 - detector - DEBUG - Waiting for frame from input queue...
2026-01-12 23:48:51 - detector - DEBUG - Processing frame 14
2026-01-12 23:48:51 - detector - DEBUG - Motion detected in frame 13. Contours found: 152
2026-01-12 23:48:51 - detector - DEBUG - Waiting for frame from input queue...
2026-01-12 23:48:51 - detector - DEBUG - Processing frame 15
2026-01-12 23:48:51 - detector - DEBUG - Motion detected in frame 14. Contours found: 165
2026-01-12 23:48:51 - detector - DEBUG - Waiting for frame from input queue...
2026-01-12 23:48:51 - presenter - DEBUG - Waiting for processed frame...
2026-01-12 23:48:51 - detector - DEBUG - Processing frame 16
2026-01-12 23:48:51 - detector - DEBUG - Motion detected in frame 15. Contours found: 176
2026-01-12 23:48:51 - detector - DEBUG - Waiting for frame from input queue...
2026-01-12 23:48:51 - detector - DEBUG - Processing frame 17
2026-01-12 23:48:51 - detector - DEBUG - Motion detected in frame 16. Contours found: 164
2026-01-12 23:48:51 - detector - DEBUG - Waiting for frame from input queue...
2026-01-12 23:48:51 - detector - DEBUG - Processing frame 18
2026-01-12 23:48:51 - detector - DEBUG - Motion detected in frame 17. Contours found: 116
2026-01-12 23:48:51 - detector - DEBUG - Waiting for frame from input queue...
2026-01-12 23:48:51 - presenter - DEBUG - Waiting for processed frame...
2026-01-12 23:48:51 - detector - DEBUG - Processing frame 19
2026-01-12 23:48:51 - detector - DEBUG - Motion detected in frame 18. Contours found: 146
2026-01-12 23:48:51 - detector - DEBUG - Waiting for frame from input queue...
2026-01-12 23:48:51 - detector - DEBUG - Processing frame 20
2026-01-12 23:48:51 - detector - DEBUG - Motion detected in frame 19. Contours found: 167
2026-01-12 23:48:51 - detector - DEBUG - Waiting for frame from input queue...
2026-01-12 23:48:51 - detector - DEBUG - Processing frame 21
2026-01-12 23:48:51 - detector - DEBUG - Motion detected in frame 20. Contours found: 171
2026-01-12 23:48:51 - detector - DEBUG - Waiting for frame from input queue...
2026-01-12 23:48:51 - presenter - DEBUG - Waiting for processed frame...
2026-01-12 23:48:51 - detector - DEBUG - Processing frame 22
2026-01-12 23:48:51 - detector - DEBUG - Motion detected in frame 21. Contours found: 136
2026-01-12 23:48:51 - detector - DEBUG - Waiting for frame from input queue...
2026-01-12 23:48:51 - detector - DEBUG - Processing frame 23
2026-01-12 23:48:51 - streamer - DEBUG - Streamed 200 frames
2026-01-12 23:48:51 - detector - DEBUG - Motion detected in frame 22. Contours found: 113
2026-01-12 23:48:51 - detector - DEBUG - Waiting for frame from input queue...
2026-01-12 23:48:51 - detector - DEBUG - Processing frame 24
2026-01-12 23:48:51 - detector - DEBUG - Motion detected in frame 23. Contours found: 159
2026-01-12 23:48:51 - detector - DEBUG - Waiting for frame from input queue...
2026-01-12 23:48:51 - presenter - DEBUG - Waiting for processed frame...
2026-01-12 23:48:51 - detector - DEBUG - Processing frame 25
2026-01-12 23:48:51 - detector - DEBUG - Motion detected in frame 24. Contours found: 133
2026-01-12 23:48:51 - detector - DEBUG - Waiting for frame from input queue...
2026-01-12 23:48:51 - detector - DEBUG - Processing frame 26
2026-01-12 23:48:51 - detector - DEBUG - Motion detected in frame 25. Contours found: 155
2026-01-12 23:48:51 - detector - DEBUG - Waiting for frame from input queue...
2026-01-12 23:48:51 - detector - DEBUG - Processing frame 27
2026-01-12 23:48:51 - presenter - DEBUG - Waiting for processed frame...
2026-01-12 23:48:51 - detector - DEBUG - Motion detected in frame 26. Contours found: 125
2026-01-12 23:48:51 - detector - DEBUG - Waiting for frame from input queue...
2026-01-12 23:48:51 - detector - DEBUG - Processing frame 28
2026-01-12 23:48:51 - detector - DEBUG - Motion detected in frame 27. Contours found: 108
2026-01-12 23:48:51 - detector - DEBUG - Waiting for frame from input queue...
2026-01-12 23:48:51 - detector - DEBUG - Processing frame 29
2026-01-12 23:48:51 - detector - DEBUG - Motion detected in frame 28. Contours found: 104
2026-01-12 23:48:51 - detector - DEBUG - Waiting for frame from input queue...
2026-01-12 23:48:51 - detector - DEBUG - Processing frame 30
2026-01-12 23:48:51 - detector - DEBUG - Motion detected in frame 29. Contours found: 112
2026-01-12 23:48:51 - detector - DEBUG - Waiting for frame from input queue...
2026-01-12 23:48:51 - detector - DEBUG - Processing frame 31
2026-01-12 23:48:51 - presenter - DEBUG - Waiting for processed frame...
2026-01-12 23:48:51 - detector - DEBUG - Motion detected in frame 30. Contours found: 105
2026-01-12 23:48:51 - detector - DEBUG - Waiting for frame from input queue...
2026-01-12 23:48:51 - detector - DEBUG - Processing frame 32
2026-01-12 23:48:51 - detector - DEBUG - Motion detected in frame 31. Contours found: 107
2026-01-12 23:48:51 - detector - DEBUG - Waiting for frame from input queue...
2026-01-12 23:48:51 - detector - DEBUG - Processing frame 33
2026-01-12 23:48:51 - detector - DEBUG - Motion detected in frame 32. Contours found: 74
2026-01-12 23:48:51 - detector - DEBUG - Waiting for frame from input queue...
2026-01-12 23:48:51 - detector - DEBUG - Processing frame 34
2026-01-12 23:48:51 - detector - DEBUG - Motion detected in frame 33. Contours found: 104
2026-01-12 23:48:51 - detector - DEBUG - Waiting for frame from input queue...
2026-01-12 23:48:51 - streamer - DEBUG - Streamed 300 frames
2026-01-12 23:48:51 - presenter - DEBUG - Waiting for processed frame...
2026-01-12 23:48:51 - detector - DEBUG - Processing frame 35
2026-01-12 23:48:52 - detector - DEBUG - Motion detected in frame 34. Contours found: 99
2026-01-12 23:48:52 - detector - DEBUG - Waiting for frame from input queue...
2026-01-12 23:48:52 - detector - DEBUG - Processing frame 36
2026-01-12 23:48:52 - detector - DEBUG - Motion detected in frame 35. Contours found: 105
2026-01-12 23:48:52 - detector - DEBUG - Waiting for frame from input queue...
2026-01-12 23:48:52 - detector - DEBUG - Processing frame 37
2026-01-12 23:48:52 - detector - DEBUG - Motion detected in frame 36. Contours found: 107
2026-01-12 23:48:52 - detector - DEBUG - Waiting for frame from input queue...
2026-01-12 23:48:52 - detector - DEBUG - Processing frame 38
2026-01-12 23:48:52 - presenter - DEBUG - Waiting for processed frame...
2026-01-12 23:48:52 - detector - DEBUG - Motion detected in frame 37. Contours found: 89
2026-01-12 23:48:52 - detector - DEBUG - Waiting for frame from input queue...
2026-01-12 23:48:52 - detector - DEBUG - Processing frame 39
2026-01-12 23:48:52 - detector - DEBUG - Motion detected in frame 38. Contours found: 129
2026-01-12 23:48:52 - detector - DEBUG - Waiting for frame from input queue...
2026-01-12 23:48:52 - streamer - INFO - End of video reached. Total frames processed: 341
2026-01-12 23:48:52 - streamer - INFO - Streamer process completed :)
2026-01-12 23:48:52 - detector - DEBUG - Processing frame 40
2026-01-12 23:48:52 - detector - DEBUG - Motion detected in frame 39. Contours found: 109
2026-01-12 23:48:52 - detector - DEBUG - Waiting for frame from input queue...
2026-01-12 23:48:52 - detector - DEBUG - Processing frame 41
2026-01-12 23:48:52 - detector - DEBUG - Motion detected in frame 40. Contours found: 87
2026-01-12 23:48:52 - detector - DEBUG - Waiting for frame from input queue...
2026-01-12 23:48:52 - detector - DEBUG - Processing frame 42
2026-01-12 23:48:52 - detector - DEBUG - Motion detected in frame 41. Contours found: 100
2026-01-12 23:48:52 - presenter - DEBUG - Waiting for processed frame...
2026-01-12 23:48:52 - detector - DEBUG - Waiting for frame from input queue...
2026-01-12 23:48:52 - detector - DEBUG - Processing frame 43
2026-01-12 23:48:52 - detector - DEBUG - Motion detected in frame 42. Contours found: 63
2026-01-12 23:48:52 - detector - DEBUG - Waiting for frame from input queue...
2026-01-12 23:48:52 - detector - DEBUG - Processing frame 44
2026-01-12 23:48:52 - detector - DEBUG - Motion detected in frame 43. Contours found: 106
2026-01-12 23:48:52 - detector - DEBUG - Waiting for frame from input queue...
2026-01-12 23:48:52 - detector - DEBUG - Processing frame 45
2026-01-12 23:48:52 - detector - DEBUG - Motion detected in frame 44. Contours found: 86
2026-01-12 23:48:52 - detector - DEBUG - Waiting for frame from input queue...
2026-01-12 23:48:52 - presenter - DEBUG - Waiting for processed frame...
2026-01-12 23:48:52 - detector - DEBUG - Processing frame 46
2026-01-12 23:48:52 - detector - DEBUG - Motion detected in frame 45. Contours found: 99
2026-01-12 23:48:52 - detector - DEBUG - Waiting for frame from input queue...
2026-01-12 23:48:52 - detector - DEBUG - Processing frame 47
2026-01-12 23:48:52 - detector - DEBUG - Motion detected in frame 46. Contours found: 103
2026-01-12 23:48:52 - detector - DEBUG - Waiting for frame from input queue...
2026-01-12 23:48:52 - detector - DEBUG - Processing frame 48
2026-01-12 23:48:52 - detector - DEBUG - Motion detected in frame 47. Contours found: 75
2026-01-12 23:48:52 - detector - DEBUG - Waiting for frame from input queue...
2026-01-12 23:48:52 - detector - DEBUG - Processing frame 49
2026-01-12 23:48:52 - detector - DEBUG - Motion detected in frame 48. Contours found: 89
2026-01-12 23:48:52 - detector - DEBUG - Waiting for frame from input queue...
2026-01-12 23:48:52 - detector - DEBUG - Processing frame 50
2026-01-12 23:48:52 - detector - DEBUG - Motion detected in frame 49. Contours found: 91
2026-01-12 23:48:52 - detector - DEBUG - Waiting for frame from input queue...
2026-01-12 23:48:52 - presenter - DEBUG - Waiting for processed frame...
2026-01-12 23:48:52 - detector - DEBUG - Processing frame 51
2026-01-12 23:48:52 - detector - DEBUG - Motion detected in frame 50. Contours found: 103
2026-01-12 23:48:52 - detector - DEBUG - Waiting for frame from input queue...
2026-01-12 23:48:52 - detector - DEBUG - Processing frame 52
2026-01-12 23:48:52 - detector - DEBUG - Motion detected in frame 51. Contours found: 110
2026-01-12 23:48:52 - detector - DEBUG - Waiting for frame from input queue...
2026-01-12 23:48:52 - detector - DEBUG - Processing frame 53
2026-01-12 23:48:52 - detector - DEBUG - Motion detected in frame 52. Contours found: 109
2026-01-12 23:48:52 - detector - DEBUG - Waiting for frame from input queue...
2026-01-12 23:48:52 - detector - DEBUG - Processing frame 54
2026-01-12 23:48:52 - detector - DEBUG - Motion detected in frame 53. Contours found: 112
2026-01-12 23:48:52 - detector - DEBUG - Waiting for frame from input queue...
2026-01-12 23:48:52 - detector - DEBUG - Processing frame 55
2026-01-12 23:48:52 - detector - DEBUG - Motion detected in frame 54. Contours found: 119
2026-01-12 23:48:52 - detector - DEBUG - Waiting for frame from input queue...
2026-01-12 23:48:52 - presenter - DEBUG - Waiting for processed frame...
2026-01-12 23:48:52 - detector - DEBUG - Processing frame 56
2026-01-12 23:48:52 - detector - DEBUG - Motion detected in frame 55. Contours found: 110
2026-01-12 23:48:52 - detector - DEBUG - Waiting for frame from input queue...
2026-01-12 23:48:52 - detector - DEBUG - Processing frame 57
2026-01-12 23:48:52 - detector - DEBUG - Motion detected in frame 56. Contours found: 113
2026-01-12 23:48:52 - detector - DEBUG - Waiting for frame from input queue...
2026-01-12 23:48:52 - detector - DEBUG - Processing frame 58
2026-01-12 23:48:52 - detector - DEBUG - Motion detected in frame 57. Contours found: 95
2026-01-12 23:48:52 - detector - DEBUG - Waiting for frame from input queue...
2026-01-12 23:48:52 - detector - DEBUG - Processing frame 59
2026-01-12 23:48:52 - detector - DEBUG - Motion detected in frame 58. Contours found: 124
2026-01-12 23:48:52 - detector - DEBUG - Waiting for frame from input queue...
2026-01-12 23:48:52 - presenter - DEBUG - Waiting for processed frame...
2026-01-12 23:48:52 - detector - DEBUG - Processing frame 60
2026-01-12 23:48:52 - detector - DEBUG - Motion detected in frame 59. Contours found: 111
2026-01-12 23:48:52 - detector - DEBUG - Waiting for frame from input queue...
2026-01-12 23:48:52 - detector - DEBUG - Processing frame 61
2026-01-12 23:48:52 - detector - DEBUG - Motion detected in frame 60. Contours found: 129
2026-01-12 23:48:52 - detector - DEBUG - Waiting for frame from input queue...
2026-01-12 23:48:52 - detector - DEBUG - Processing frame 62
2026-01-12 23:48:52 - detector - DEBUG - Motion detected in frame 61. Contours found: 120
2026-01-12 23:48:52 - detector - DEBUG - Waiting for frame from input queue...
2026-01-12 23:48:52 - detector - DEBUG - Processing frame 63
2026-01-12 23:48:52 - detector - DEBUG - Motion detected in frame 62. Contours found: 116
2026-01-12 23:48:52 - detector - DEBUG - Waiting for frame from input queue...
2026-01-12 23:48:52 - detector - DEBUG - Processing frame 64
2026-01-12 23:48:52 - detector - DEBUG - Motion detected in frame 63. Contours found: 121
2026-01-12 23:48:52 - presenter - DEBUG - Waiting for processed frame...
2026-01-12 23:48:52 - detector - DEBUG - Waiting for frame from input queue...
2026-01-12 23:48:52 - detector - DEBUG - Processing frame 65
2026-01-12 23:48:52 - detector - DEBUG - Motion detected in frame 64. Contours found: 125
2026-01-12 23:48:52 - detector - DEBUG - Waiting for frame from input queue...
2026-01-12 23:48:52 - detector - DEBUG - Processing frame 66
2026-01-12 23:48:52 - detector - DEBUG - Motion detected in frame 65. Contours found: 141
2026-01-12 23:48:52 - detector - DEBUG - Waiting for frame from input queue...
2026-01-12 23:48:52 - detector - DEBUG - Processing frame 67
2026-01-12 23:48:52 - detector - DEBUG - Motion detected in frame 66. Contours found: 145
2026-01-12 23:48:52 - detector - DEBUG - Waiting for frame from input queue...
2026-01-12 23:48:52 - detector - DEBUG - Processing frame 68
2026-01-12 23:48:52 - detector - DEBUG - Motion detected in frame 67. Contours found: 131
2026-01-12 23:48:52 - detector - DEBUG - Waiting for frame from input queue...
2026-01-12 23:48:52 - presenter - DEBUG - Waiting for processed frame...
2026-01-12 23:48:52 - detector - DEBUG - Processing frame 69
2026-01-12 23:48:52 - detector - DEBUG - Motion detected in frame 68. Contours found: 140
2026-01-12 23:48:52 - detector - DEBUG - Waiting for frame from input queue...
2026-01-12 23:48:52 - detector - DEBUG - Processing frame 70
2026-01-12 23:48:52 - detector - DEBUG - Motion detected in frame 69. Contours found: 105
2026-01-12 23:48:52 - detector - DEBUG - Waiting for frame from input queue...
2026-01-12 23:48:52 - detector - DEBUG - Processing frame 71
2026-01-12 23:48:52 - detector - DEBUG - Motion detected in frame 70. Contours found: 128
2026-01-12 23:48:52 - detector - DEBUG - Waiting for frame from input queue...
2026-01-12 23:48:52 - detector - DEBUG - Processing frame 72
2026-01-12 23:48:52 - detector - DEBUG - Motion detected in frame 71. Contours found: 137
2026-01-12 23:48:52 - detector - DEBUG - Waiting for frame from input queue...
2026-01-12 23:48:52 - detector - DEBUG - Processing frame 73
2026-01-12 23:48:52 - detector - DEBUG - Motion detected in frame 72. Contours found: 130
2026-01-12 23:48:52 - detector - DEBUG - Waiting for frame from input queue...
2026-01-12 23:48:52 - detector - DEBUG - Processing frame 74
2026-01-12 23:48:52 - detector - DEBUG - Motion detected in frame 73. Contours found: 130
2026-01-12 23:48:52 - detector - DEBUG - Waiting for frame from input queue...
2026-01-12 23:48:52 - presenter - DEBUG - Waiting for processed frame...
2026-01-12 23:48:52 - detector - DEBUG - Processing frame 75
2026-01-12 23:48:52 - detector - DEBUG - Motion detected in frame 74. Contours found: 105
2026-01-12 23:48:52 - detector - DEBUG - Waiting for frame from input queue...
2026-01-12 23:48:52 - detector - DEBUG - Processing frame 76
2026-01-12 23:48:52 - detector - DEBUG - Motion detected in frame 75. Contours found: 152
2026-01-12 23:48:52 - detector - DEBUG - Waiting for frame from input queue...
2026-01-12 23:48:52 - detector - DEBUG - Processing frame 77
2026-01-12 23:48:52 - detector - DEBUG - Motion detected in frame 76. Contours found: 89
2026-01-12 23:48:52 - detector - DEBUG - Waiting for frame from input queue...
2026-01-12 23:48:52 - detector - DEBUG - Processing frame 78
2026-01-12 23:48:52 - detector - DEBUG - Motion detected in frame 77. Contours found: 80
2026-01-12 23:48:52 - detector - DEBUG - Waiting for frame from input queue...
2026-01-12 23:48:52 - detector - DEBUG - Processing frame 79
2026-01-12 23:48:52 - detector - DEBUG - Motion detected in frame 78. Contours found: 129
2026-01-12 23:48:52 - detector - DEBUG - Waiting for frame from input queue...
2026-01-12 23:48:52 - detector - DEBUG - Processing frame 80
2026-01-12 23:48:52 - detector - DEBUG - Motion detected in frame 79. Contours found: 104
2026-01-12 23:48:52 - presenter - DEBUG - Waiting for processed frame...
2026-01-12 23:48:52 - detector - DEBUG - Waiting for frame from input queue...
2026-01-12 23:48:52 - detector - DEBUG - Processing frame 81
2026-01-12 23:48:52 - detector - DEBUG - Motion detected in frame 80. Contours found: 113
2026-01-12 23:48:52 - detector - DEBUG - Waiting for frame from input queue...
2026-01-12 23:48:52 - detector - DEBUG - Processing frame 82
2026-01-12 23:48:52 - detector - DEBUG - Motion detected in frame 81. Contours found: 120
2026-01-12 23:48:52 - detector - DEBUG - Waiting for frame from input queue...
2026-01-12 23:48:52 - detector - DEBUG - Processing frame 83
2026-01-12 23:48:52 - detector - DEBUG - Motion detected in frame 82. Contours found: 76
2026-01-12 23:48:52 - detector - DEBUG - Waiting for frame from input queue...
2026-01-12 23:48:52 - detector - DEBUG - Processing frame 84
2026-01-12 23:48:52 - detector - DEBUG - Motion detected in frame 83. Contours found: 104
2026-01-12 23:48:52 - detector - DEBUG - Waiting for frame from input queue...
2026-01-12 23:48:52 - detector - DEBUG - Processing frame 85
2026-01-12 23:48:52 - detector - DEBUG - Motion detected in frame 84. Contours found: 105
2026-01-12 23:48:52 - detector - DEBUG - Waiting for frame from input queue...
2026-01-12 23:48:52 - detector - DEBUG - Processing frame 86
2026-01-12 23:48:52 - detector - DEBUG - Motion detected in frame 85. Contours found: 118
2026-01-12 23:48:52 - detector - DEBUG - Waiting for frame from input queue...
2026-01-12 23:48:52 - presenter - DEBUG - Waiting for processed frame...
2026-01-12 23:48:52 - detector - DEBUG - Processing frame 87
2026-01-12 23:48:52 - detector - DEBUG - Motion detected in frame 86. Contours found: 121
2026-01-12 23:48:52 - detector - DEBUG - Waiting for frame from input queue...
2026-01-12 23:48:52 - detector - DEBUG - Processing frame 88
2026-01-12 23:48:52 - detector - DEBUG - Motion detected in frame 87. Contours found: 76
2026-01-12 23:48:52 - detector - DEBUG - Waiting for frame from input queue...
2026-01-12 23:48:52 - detector - DEBUG - Processing frame 89
2026-01-12 23:48:52 - detector - DEBUG - Motion detected in frame 88. Contours found: 91
2026-01-12 23:48:52 - detector - DEBUG - Waiting for frame from input queue...
2026-01-12 23:48:52 - presenter - DEBUG - Waiting for processed frame...
2026-01-12 23:48:52 - detector - DEBUG - Processing frame 90
2026-01-12 23:48:52 - detector - DEBUG - Motion detected in frame 89. Contours found: 83
2026-01-12 23:48:52 - detector - DEBUG - Waiting for frame from input queue...
2026-01-12 23:48:52 - detector - DEBUG - Processing frame 91
2026-01-12 23:48:52 - detector - DEBUG - Motion detected in frame 90. Contours found: 101
2026-01-12 23:48:52 - detector - DEBUG - Waiting for frame from input queue...
2026-01-12 23:48:52 - detector - DEBUG - Processing frame 92
2026-01-12 23:48:52 - detector - DEBUG - Motion detected in frame 91. Contours found: 103
2026-01-12 23:48:52 - detector - DEBUG - Waiting for frame from input queue...
2026-01-12 23:48:52 - detector - DEBUG - Processing frame 93
2026-01-12 23:48:52 - detector - DEBUG - Motion detected in frame 92. Contours found: 94
2026-01-12 23:48:52 - detector - DEBUG - Waiting for frame from input queue...
2026-01-12 23:48:52 - detector - DEBUG - Processing frame 94
2026-01-12 23:48:52 - detector - DEBUG - Motion detected in frame 93. Contours found: 117
2026-01-12 23:48:52 - detector - DEBUG - Waiting for frame from input queue...
2026-01-12 23:48:52 - detector - DEBUG - Processing frame 95
2026-01-12 23:48:52 - presenter - DEBUG - Waiting for processed frame...
2026-01-12 23:48:52 - detector - DEBUG - Motion detected in frame 94. Contours found: 97
2026-01-12 23:48:52 - detector - DEBUG - Waiting for frame from input queue...
2026-01-12 23:48:52 - detector - DEBUG - Processing frame 96
2026-01-12 23:48:52 - detector - DEBUG - Motion detected in frame 95. Contours found: 90
2026-01-12 23:48:52 - detector - DEBUG - Waiting for frame from input queue...
2026-01-12 23:48:52 - detector - DEBUG - Processing frame 97
2026-01-12 23:48:52 - detector - DEBUG - Motion detected in frame 96. Contours found: 97
2026-01-12 23:48:52 - detector - DEBUG - Waiting for frame from input queue...
2026-01-12 23:48:52 - detector - DEBUG - Processing frame 98
2026-01-12 23:48:52 - detector - DEBUG - Motion detected in frame 97. Contours found: 82
2026-01-12 23:48:52 - detector - DEBUG - Waiting for frame from input queue...
2026-01-12 23:48:52 - detector - DEBUG - Processing frame 99
2026-01-12 23:48:52 - detector - DEBUG - Motion detected in frame 98. Contours found: 99
2026-01-12 23:48:52 - detector - DEBUG - Waiting for frame from input queue...
2026-01-12 23:48:52 - detector - DEBUG - Processing frame 100
2026-01-12 23:48:52 - detector - DEBUG - Motion detected in frame 99. Contours found: 110
2026-01-12 23:48:52 - detector - INFO - Processed 100 frames, motion detected in 99 frames
2026-01-12 23:48:52 - detector - DEBUG - Waiting for frame from input queue...
2026-01-12 23:48:52 - presenter - DEBUG - Waiting for processed frame...
2026-01-12 23:48:52 - detector - DEBUG - Processing frame 101
2026-01-12 23:48:52 - detector - DEBUG - Motion detected in frame 100. Contours found: 108
2026-01-12 23:48:52 - detector - DEBUG - Waiting for frame from input queue...
2026-01-12 23:48:52 - detector - DEBUG - Processing frame 102
2026-01-12 23:48:52 - detector - DEBUG - Motion detected in frame 101. Contours found: 108
2026-01-12 23:48:52 - detector - DEBUG - Waiting for frame from input queue...
2026-01-12 23:48:52 - detector - DEBUG - Processing frame 103
2026-01-12 23:48:52 - detector - DEBUG - Motion detected in frame 102. Contours found: 110
2026-01-12 23:48:52 - detector - DEBUG - Waiting for frame from input queue...
2026-01-12 23:48:52 - detector - DEBUG - Processing frame 104
2026-01-12 23:48:52 - detector - DEBUG - Motion detected in frame 103. Contours found: 151
2026-01-12 23:48:52 - detector - DEBUG - Waiting for frame from input queue...
2026-01-12 23:48:52 - detector - DEBUG - Processing frame 105
2026-01-12 23:48:52 - detector - DEBUG - Motion detected in frame 104. Contours found: 121
2026-01-12 23:48:52 - detector - DEBUG - Waiting for frame from input queue...
2026-01-12 23:48:52 - presenter - DEBUG - Waiting for processed frame...
2026-01-12 23:48:52 - detector - DEBUG - Processing frame 106
2026-01-12 23:48:52 - detector - DEBUG - Motion detected in frame 105. Contours found: 158
2026-01-12 23:48:52 - detector - DEBUG - Waiting for frame from input queue...
2026-01-12 23:48:52 - detector - DEBUG - Processing frame 107
2026-01-12 23:48:52 - detector - DEBUG - Motion detected in frame 106. Contours found: 159
2026-01-12 23:48:52 - detector - DEBUG - Waiting for frame from input queue...
2026-01-12 23:48:52 - detector - DEBUG - Processing frame 108
2026-01-12 23:48:52 - detector - DEBUG - Motion detected in frame 107. Contours found: 121
2026-01-12 23:48:52 - detector - DEBUG - Waiting for frame from input queue...
2026-01-12 23:48:52 - detector - DEBUG - Processing frame 109
2026-01-12 23:48:52 - detector - DEBUG - Motion detected in frame 108. Contours found: 160
2026-01-12 23:48:52 - detector - DEBUG - Waiting for frame from input queue...
2026-01-12 23:48:52 - detector - DEBUG - Processing frame 110
2026-01-12 23:48:52 - detector - DEBUG - Motion detected in frame 109. Contours found: 183
2026-01-12 23:48:52 - detector - DEBUG - Waiting for frame from input queue...
2026-01-12 23:48:52 - detector - DEBUG - Processing frame 111
2026-01-12 23:48:52 - detector - DEBUG - Motion detected in frame 110. Contours found: 157
2026-01-12 23:48:52 - detector - DEBUG - Waiting for frame from input queue...
2026-01-12 23:48:52 - detector - DEBUG - Processing frame 112
2026-01-12 23:48:52 - detector - DEBUG - Motion detected in frame 111. Contours found: 155
2026-01-12 23:48:52 - detector - DEBUG - Waiting for frame from input queue...
2026-01-12 23:48:52 - presenter - DEBUG - Waiting for processed frame...
2026-01-12 23:48:52 - detector - DEBUG - Processing frame 113
2026-01-12 23:48:52 - detector - DEBUG - Motion detected in frame 112. Contours found: 77
2026-01-12 23:48:52 - detector - DEBUG - Waiting for frame from input queue...
2026-01-12 23:48:52 - detector - DEBUG - Processing frame 114
2026-01-12 23:48:52 - detector - DEBUG - Motion detected in frame 113. Contours found: 132
2026-01-12 23:48:52 - detector - DEBUG - Waiting for frame from input queue...
2026-01-12 23:48:52 - detector - DEBUG - Processing frame 115
2026-01-12 23:48:52 - detector - DEBUG - Motion detected in frame 114. Contours found: 140
2026-01-12 23:48:52 - detector - DEBUG - Waiting for frame from input queue...
2026-01-12 23:48:52 - detector - DEBUG - Processing frame 116
2026-01-12 23:48:52 - detector - DEBUG - Motion detected in frame 115. Contours found: 126
2026-01-12 23:48:52 - detector - DEBUG - Waiting for frame from input queue...
2026-01-12 23:48:52 - detector - DEBUG - Processing frame 117
2026-01-12 23:48:52 - detector - DEBUG - Motion detected in frame 116. Contours found: 118
2026-01-12 23:48:52 - detector - DEBUG - Waiting for frame from input queue...
2026-01-12 23:48:52 - detector - DEBUG - Processing frame 118
2026-01-12 23:48:52 - presenter - DEBUG - Waiting for processed frame...
2026-01-12 23:48:52 - detector - DEBUG - Motion detected in frame 117. Contours found: 100
2026-01-12 23:48:52 - detector - DEBUG - Waiting for frame from input queue...
2026-01-12 23:48:52 - detector - DEBUG - Processing frame 119
2026-01-12 23:48:52 - detector - DEBUG - Motion detected in frame 118. Contours found: 131
2026-01-12 23:48:52 - detector - DEBUG - Waiting for frame from input queue...
2026-01-12 23:48:52 - detector - DEBUG - Processing frame 120
2026-01-12 23:48:52 - detector - DEBUG - Motion detected in frame 119. Contours found: 132
2026-01-12 23:48:52 - detector - DEBUG - Waiting for frame from input queue...
2026-01-12 23:48:52 - detector - DEBUG - Processing frame 121
2026-01-12 23:48:52 - detector - DEBUG - Motion detected in frame 120. Contours found: 142
2026-01-12 23:48:52 - detector - DEBUG - Waiting for frame from input queue...
2026-01-12 23:48:52 - detector - DEBUG - Processing frame 122
2026-01-12 23:48:52 - detector - DEBUG - Motion detected in frame 121. Contours found: 165
2026-01-12 23:48:52 - detector - DEBUG - Waiting for frame from input queue...
2026-01-12 23:48:52 - detector - DEBUG - Processing frame 123
2026-01-12 23:48:52 - presenter - DEBUG - Waiting for processed frame...
2026-01-12 23:48:52 - detector - DEBUG - Motion detected in frame 122. Contours found: 112
2026-01-12 23:48:52 - detector - DEBUG - Waiting for frame from input queue...
2026-01-12 23:48:52 - detector - DEBUG - Processing frame 124
2026-01-12 23:48:52 - detector - DEBUG - Motion detected in frame 123. Contours found: 118
2026-01-12 23:48:52 - detector - DEBUG - Waiting for frame from input queue...
2026-01-12 23:48:52 - detector - DEBUG - Processing frame 125
2026-01-12 23:48:52 - detector - DEBUG - Motion detected in frame 124. Contours found: 126
2026-01-12 23:48:52 - detector - DEBUG - Waiting for frame from input queue...
2026-01-12 23:48:52 - detector - DEBUG - Processing frame 126
2026-01-12 23:48:52 - detector - DEBUG - Motion detected in frame 125. Contours found: 131
2026-01-12 23:48:52 - detector - DEBUG - Waiting for frame from input queue...
2026-01-12 23:48:52 - detector - DEBUG - Processing frame 127
2026-01-12 23:48:52 - detector - DEBUG - Motion detected in frame 126. Contours found: 126
2026-01-12 23:48:52 - detector - DEBUG - Waiting for frame from input queue...
2026-01-12 23:48:52 - detector - DEBUG - Processing frame 128
2026-01-12 23:48:52 - detector - DEBUG - Motion detected in frame 127. Contours found: 105
2026-01-12 23:48:52 - detector - DEBUG - Waiting for frame from input queue...
2026-01-12 23:48:52 - presenter - DEBUG - Waiting for processed frame...
2026-01-12 23:48:52 - detector - DEBUG - Processing frame 129
2026-01-12 23:48:52 - detector - DEBUG - Motion detected in frame 128. Contours found: 110
2026-01-12 23:48:52 - detector - DEBUG - Waiting for frame from input queue...
2026-01-12 23:48:52 - detector - DEBUG - Processing frame 130
2026-01-12 23:48:52 - detector - DEBUG - Motion detected in frame 129. Contours found: 98
2026-01-12 23:48:52 - detector - DEBUG - Waiting for frame from input queue...
2026-01-12 23:48:52 - detector - DEBUG - Processing frame 131
2026-01-12 23:48:52 - detector - DEBUG - Motion detected in frame 130. Contours found: 109
2026-01-12 23:48:52 - detector - DEBUG - Waiting for frame from input queue...
2026-01-12 23:48:52 - detector - DEBUG - Processing frame 132
2026-01-12 23:48:52 - detector - DEBUG - Motion detected in frame 131. Contours found: 112
2026-01-12 23:48:52 - detector - DEBUG - Waiting for frame from input queue...
2026-01-12 23:48:52 - detector - DEBUG - Processing frame 133
2026-01-12 23:48:52 - detector - DEBUG - Motion detected in frame 132. Contours found: 84
2026-01-12 23:48:52 - detector - DEBUG - Waiting for frame from input queue...
2026-01-12 23:48:52 - detector - DEBUG - Processing frame 134
2026-01-12 23:48:52 - detector - DEBUG - Motion detected in frame 133. Contours found: 107
2026-01-12 23:48:52 - detector - DEBUG - Waiting for frame from input queue...
2026-01-12 23:48:52 - presenter - DEBUG - Waiting for processed frame...
2026-01-12 23:48:52 - detector - DEBUG - Processing frame 135
2026-01-12 23:48:52 - detector - DEBUG - Motion detected in frame 134. Contours found: 109
2026-01-12 23:48:52 - detector - DEBUG - Waiting for frame from input queue...
2026-01-12 23:48:52 - detector - DEBUG - Processing frame 136
2026-01-12 23:48:52 - detector - DEBUG - Motion detected in frame 135. Contours found: 107
2026-01-12 23:48:52 - detector - DEBUG - Waiting for frame from input queue...
2026-01-12 23:48:52 - detector - DEBUG - Processing frame 137
2026-01-12 23:48:52 - detector - DEBUG - Motion detected in frame 136. Contours found: 146
2026-01-12 23:48:52 - detector - DEBUG - Waiting for frame from input queue...
2026-01-12 23:48:52 - detector - DEBUG - Processing frame 138
2026-01-12 23:48:52 - detector - DEBUG - Motion detected in frame 137. Contours found: 108
2026-01-12 23:48:52 - detector - DEBUG - Waiting for frame from input queue...
2026-01-12 23:48:52 - detector - DEBUG - Processing frame 139
2026-01-12 23:48:52 - detector - DEBUG - Motion detected in frame 138. Contours found: 120
2026-01-12 23:48:52 - detector - DEBUG - Waiting for frame from input queue...
2026-01-12 23:48:52 - detector - DEBUG - Processing frame 140
2026-01-12 23:48:52 - detector - DEBUG - Motion detected in frame 139. Contours found: 115
2026-01-12 23:48:52 - detector - DEBUG - Waiting for frame from input queue...
2026-01-12 23:48:52 - presenter - DEBUG - Waiting for processed frame...
2026-01-12 23:48:52 - detector - DEBUG - Processing frame 141
2026-01-12 23:48:52 - detector - DEBUG - Motion detected in frame 140. Contours found: 104
2026-01-12 23:48:52 - detector - DEBUG - Waiting for frame from input queue...
2026-01-12 23:48:52 - detector - DEBUG - Processing frame 142
2026-01-12 23:48:52 - detector - DEBUG - Motion detected in frame 141. Contours found: 148
2026-01-12 23:48:52 - detector - DEBUG - Waiting for frame from input queue...
2026-01-12 23:48:53 - detector - DEBUG - Processing frame 143
2026-01-12 23:48:53 - detector - DEBUG - Motion detected in frame 142. Contours found: 119
2026-01-12 23:48:53 - detector - DEBUG - Waiting for frame from input queue...
2026-01-12 23:48:53 - detector - DEBUG - Processing frame 144
2026-01-12 23:48:53 - detector - DEBUG - Motion detected in frame 143. Contours found: 106
2026-01-12 23:48:53 - detector - DEBUG - Waiting for frame from input queue...
2026-01-12 23:48:53 - detector - DEBUG - Processing frame 145
2026-01-12 23:48:53 - detector - DEBUG - Motion detected in frame 144. Contours found: 134
2026-01-12 23:48:53 - detector - DEBUG - Waiting for frame from input queue...
2026-01-12 23:48:53 - presenter - DEBUG - Waiting for processed frame...
2026-01-12 23:48:53 - detector - DEBUG - Processing frame 146
2026-01-12 23:48:53 - detector - DEBUG - Motion detected in frame 145. Contours found: 145
2026-01-12 23:48:53 - detector - DEBUG - Waiting for frame from input queue...
2026-01-12 23:48:53 - detector - DEBUG - Processing frame 147
2026-01-12 23:48:53 - detector - DEBUG - Motion detected in frame 146. Contours found: 149
2026-01-12 23:48:53 - detector - DEBUG - Waiting for frame from input queue...
2026-01-12 23:48:53 - detector - DEBUG - Processing frame 148
2026-01-12 23:48:53 - detector - DEBUG - Motion detected in frame 147. Contours found: 112
2026-01-12 23:48:53 - detector - DEBUG - Waiting for frame from input queue...
2026-01-12 23:48:53 - detector - DEBUG - Processing frame 149
2026-01-12 23:48:53 - detector - DEBUG - Motion detected in frame 148. Contours found: 106
2026-01-12 23:48:53 - detector - DEBUG - Waiting for frame from input queue...
2026-01-12 23:48:53 - detector - DEBUG - Processing frame 150
2026-01-12 23:48:53 - detector - DEBUG - Motion detected in frame 149. Contours found: 111
2026-01-12 23:48:53 - detector - DEBUG - Waiting for frame from input queue...
2026-01-12 23:48:53 - detector - DEBUG - Processing frame 151
2026-01-12 23:48:53 - detector - DEBUG - Motion detected in frame 150. Contours found: 138
2026-01-12 23:48:53 - detector - DEBUG - Waiting for frame from input queue...
2026-01-12 23:48:53 - detector - DEBUG - Processing frame 152
2026-01-12 23:48:53 - presenter - DEBUG - Waiting for processed frame...
2026-01-12 23:48:53 - detector - DEBUG - Motion detected in frame 151. Contours found: 113
2026-01-12 23:48:53 - detector - DEBUG - Waiting for frame from input queue...
2026-01-12 23:48:53 - detector - DEBUG - Processing frame 153
2026-01-12 23:48:53 - detector - DEBUG - Motion detected in frame 152. Contours found: 102
2026-01-12 23:48:53 - detector - DEBUG - Waiting for frame from input queue...
2026-01-12 23:48:53 - detector - DEBUG - Processing frame 154
2026-01-12 23:48:53 - detector - DEBUG - Motion detected in frame 153. Contours found: 95
2026-01-12 23:48:53 - detector - DEBUG - Waiting for frame from input queue...
2026-01-12 23:48:53 - detector - DEBUG - Processing frame 155
2026-01-12 23:48:53 - detector - DEBUG - Motion detected in frame 154. Contours found: 93
2026-01-12 23:48:53 - detector - DEBUG - Waiting for frame from input queue...
2026-01-12 23:48:53 - detector - DEBUG - Processing frame 156
2026-01-12 23:48:53 - detector - DEBUG - Motion detected in frame 155. Contours found: 94
2026-01-12 23:48:53 - detector - DEBUG - Waiting for frame from input queue...
2026-01-12 23:48:53 - detector - DEBUG - Processing frame 157
2026-01-12 23:48:53 - presenter - DEBUG - Waiting for processed frame...
2026-01-12 23:48:53 - detector - DEBUG - Motion detected in frame 156. Contours found: 101
2026-01-12 23:48:53 - detector - DEBUG - Waiting for frame from input queue...
2026-01-12 23:48:53 - detector - DEBUG - Processing frame 158
2026-01-12 23:48:53 - detector - DEBUG - Motion detected in frame 157. Contours found: 119
2026-01-12 23:48:53 - detector - DEBUG - Waiting for frame from input queue...
2026-01-12 23:48:53 - detector - DEBUG - Processing frame 159
2026-01-12 23:48:53 - detector - DEBUG - Motion detected in frame 158. Contours found: 129
2026-01-12 23:48:53 - detector - DEBUG - Waiting for frame from input queue...
2026-01-12 23:48:53 - detector - DEBUG - Processing frame 160
2026-01-12 23:48:53 - detector - DEBUG - Motion detected in frame 159. Contours found: 100
2026-01-12 23:48:53 - detector - DEBUG - Waiting for frame from input queue...
2026-01-12 23:48:53 - detector - DEBUG - Processing frame 161
2026-01-12 23:48:53 - detector - DEBUG - Motion detected in frame 160. Contours found: 104
2026-01-12 23:48:53 - detector - DEBUG - Waiting for frame from input queue...
2026-01-12 23:48:53 - presenter - DEBUG - Waiting for processed frame...
2026-01-12 23:48:53 - detector - DEBUG - Processing frame 162
2026-01-12 23:48:53 - detector - DEBUG - Motion detected in frame 161. Contours found: 110
2026-01-12 23:48:53 - detector - DEBUG - Waiting for frame from input queue...
2026-01-12 23:48:53 - detector - DEBUG - Processing frame 163
2026-01-12 23:48:53 - detector - DEBUG - Motion detected in frame 162. Contours found: 65
2026-01-12 23:48:53 - detector - DEBUG - Waiting for frame from input queue...
2026-01-12 23:48:53 - detector - DEBUG - Processing frame 164
2026-01-12 23:48:53 - detector - DEBUG - Motion detected in frame 163. Contours found: 126
2026-01-12 23:48:53 - detector - DEBUG - Waiting for frame from input queue...
2026-01-12 23:48:53 - detector - DEBUG - Processing frame 165
2026-01-12 23:48:53 - detector - DEBUG - Motion detected in frame 164. Contours found: 125
2026-01-12 23:48:53 - detector - DEBUG - Waiting for frame from input queue...
2026-01-12 23:48:53 - detector - DEBUG - Processing frame 166
2026-01-12 23:48:53 - detector - DEBUG - Motion detected in frame 165. Contours found: 102
2026-01-12 23:48:53 - detector - DEBUG - Waiting for frame from input queue...
2026-01-12 23:48:53 - detector - DEBUG - Processing frame 167
2026-01-12 23:48:53 - detector - DEBUG - Motion detected in frame 166. Contours found: 102
2026-01-12 23:48:53 - detector - DEBUG - Waiting for frame from input queue...
2026-01-12 23:48:53 - detector - DEBUG - Processing frame 168
2026-01-12 23:48:53 - detector - DEBUG - Motion detected in frame 167. Contours found: 92
2026-01-12 23:48:53 - detector - DEBUG - Waiting for frame from input queue...
2026-01-12 23:48:53 - presenter - DEBUG - Waiting for processed frame...
2026-01-12 23:48:53 - detector - DEBUG - Processing frame 169
2026-01-12 23:48:53 - detector - DEBUG - Motion detected in frame 168. Contours found: 109
2026-01-12 23:48:53 - detector - DEBUG - Waiting for frame from input queue...
2026-01-12 23:48:53 - detector - DEBUG - Processing frame 170
2026-01-12 23:48:53 - detector - DEBUG - Motion detected in frame 169. Contours found: 107
2026-01-12 23:48:53 - detector - DEBUG - Waiting for frame from input queue...
2026-01-12 23:48:53 - detector - DEBUG - Processing frame 171
2026-01-12 23:48:53 - detector - DEBUG - Motion detected in frame 170. Contours found: 105
2026-01-12 23:48:53 - detector - DEBUG - Waiting for frame from input queue...
2026-01-12 23:48:53 - presenter - DEBUG - Waiting for processed frame...
2026-01-12 23:48:53 - detector - DEBUG - Processing frame 172
2026-01-12 23:48:53 - detector - DEBUG - Motion detected in frame 171. Contours found: 118
2026-01-12 23:48:53 - detector - DEBUG - Waiting for frame from input queue...
2026-01-12 23:48:53 - detector - DEBUG - Processing frame 173
2026-01-12 23:48:53 - detector - DEBUG - Motion detected in frame 172. Contours found: 98
2026-01-12 23:48:53 - detector - DEBUG - Waiting for frame from input queue...
2026-01-12 23:48:53 - detector - DEBUG - Processing frame 174
2026-01-12 23:48:53 - detector - DEBUG - Motion detected in frame 173. Contours found: 104
2026-01-12 23:48:53 - detector - DEBUG - Waiting for frame from input queue...
2026-01-12 23:48:53 - detector - DEBUG - Processing frame 175
2026-01-12 23:48:53 - detector - DEBUG - Motion detected in frame 174. Contours found: 98
2026-01-12 23:48:53 - detector - DEBUG - Waiting for frame from input queue...
2026-01-12 23:48:53 - detector - DEBUG - Processing frame 176
2026-01-12 23:48:53 - detector - DEBUG - Motion detected in frame 175. Contours found: 93
2026-01-12 23:48:53 - detector - DEBUG - Waiting for frame from input queue...
2026-01-12 23:48:53 - detector - DEBUG - Processing frame 177
2026-01-12 23:48:53 - detector - DEBUG - Motion detected in frame 176. Contours found: 103
2026-01-12 23:48:53 - detector - DEBUG - Waiting for frame from input queue...
2026-01-12 23:48:53 - presenter - DEBUG - Waiting for processed frame...
2026-01-12 23:48:53 - detector - DEBUG - Processing frame 178
2026-01-12 23:48:53 - detector - DEBUG - Motion detected in frame 177. Contours found: 64
2026-01-12 23:48:53 - detector - DEBUG - Waiting for frame from input queue...
2026-01-12 23:48:53 - detector - DEBUG - Processing frame 179
2026-01-12 23:48:53 - detector - DEBUG - Motion detected in frame 178. Contours found: 111
2026-01-12 23:48:53 - detector - DEBUG - Waiting for frame from input queue...
2026-01-12 23:48:53 - detector - DEBUG - Processing frame 180
2026-01-12 23:48:53 - detector - DEBUG - Motion detected in frame 179. Contours found: 105
2026-01-12 23:48:53 - detector - DEBUG - Waiting for frame from input queue...
2026-01-12 23:48:53 - detector - DEBUG - Processing frame 181
2026-01-12 23:48:53 - detector - DEBUG - Motion detected in frame 180. Contours found: 122
2026-01-12 23:48:53 - detector - DEBUG - Waiting for frame from input queue...
2026-01-12 23:48:53 - detector - DEBUG - Processing frame 182
2026-01-12 23:48:53 - detector - DEBUG - Motion detected in frame 181. Contours found: 110
2026-01-12 23:48:53 - detector - DEBUG - Waiting for frame from input queue...
2026-01-12 23:48:53 - detector - DEBUG - Processing frame 183
2026-01-12 23:48:53 - detector - DEBUG - Motion detected in frame 182. Contours found: 71
2026-01-12 23:48:53 - detector - DEBUG - Waiting for frame from input queue...
2026-01-12 23:48:53 - presenter - DEBUG - Waiting for processed frame...
2026-01-12 23:48:53 - detector - DEBUG - Processing frame 184
2026-01-12 23:48:53 - detector - DEBUG - Motion detected in frame 183. Contours found: 101
2026-01-12 23:48:53 - detector - DEBUG - Waiting for frame from input queue...
2026-01-12 23:48:53 - detector - DEBUG - Processing frame 185
2026-01-12 23:48:53 - detector - DEBUG - Motion detected in frame 184. Contours found: 99
2026-01-12 23:48:53 - detector - DEBUG - Waiting for frame from input queue...
2026-01-12 23:48:53 - detector - DEBUG - Processing frame 186
2026-01-12 23:48:53 - detector - DEBUG - Motion detected in frame 185. Contours found: 112
2026-01-12 23:48:53 - detector - DEBUG - Waiting for frame from input queue...
2026-01-12 23:48:53 - detector - DEBUG - Processing frame 187
2026-01-12 23:48:53 - detector - DEBUG - Motion detected in frame 186. Contours found: 106
2026-01-12 23:48:53 - detector - DEBUG - Waiting for frame from input queue...
2026-01-12 23:48:53 - detector - DEBUG - Processing frame 188
2026-01-12 23:48:53 - detector - DEBUG - Motion detected in frame 187. Contours found: 75
2026-01-12 23:48:53 - detector - DEBUG - Waiting for frame from input queue...
2026-01-12 23:48:53 - detector - DEBUG - Processing frame 189
2026-01-12 23:48:53 - detector - DEBUG - Motion detected in frame 188. Contours found: 96
2026-01-12 23:48:53 - detector - DEBUG - Waiting for frame from input queue...
2026-01-12 23:48:53 - presenter - DEBUG - Waiting for processed frame...
2026-01-12 23:48:53 - detector - DEBUG - Processing frame 190
2026-01-12 23:48:53 - detector - DEBUG - Motion detected in frame 189. Contours found: 96
2026-01-12 23:48:53 - detector - DEBUG - Waiting for frame from input queue...
2026-01-12 23:48:53 - detector - DEBUG - Processing frame 191
2026-01-12 23:48:53 - detector - DEBUG - Motion detected in frame 190. Contours found: 105
2026-01-12 23:48:53 - detector - DEBUG - Waiting for frame from input queue...
2026-01-12 23:48:53 - detector - DEBUG - Processing frame 192
2026-01-12 23:48:53 - detector - DEBUG - Motion detected in frame 191. Contours found: 95
2026-01-12 23:48:53 - detector - DEBUG - Waiting for frame from input queue...
2026-01-12 23:48:53 - detector - DEBUG - Processing frame 193
2026-01-12 23:48:53 - detector - DEBUG - Motion detected in frame 192. Contours found: 75
2026-01-12 23:48:53 - detector - DEBUG - Waiting for frame from input queue...
2026-01-12 23:48:53 - detector - DEBUG - Processing frame 194
2026-01-12 23:48:53 - detector - DEBUG - Motion detected in frame 193. Contours found: 104
2026-01-12 23:48:53 - detector - DEBUG - Waiting for frame from input queue...
2026-01-12 23:48:53 - detector - DEBUG - Processing frame 195
2026-01-12 23:48:53 - presenter - DEBUG - Waiting for processed frame...
2026-01-12 23:48:53 - detector - DEBUG - Motion detected in frame 194. Contours found: 114
2026-01-12 23:48:53 - detector - DEBUG - Waiting for frame from input queue...
2026-01-12 23:48:53 - detector - DEBUG - Processing frame 196
2026-01-12 23:48:53 - detector - DEBUG - Motion detected in frame 195. Contours found: 112
2026-01-12 23:48:53 - detector - DEBUG - Waiting for frame from input queue...
2026-01-12 23:48:53 - detector - DEBUG - Processing frame 197
2026-01-12 23:48:53 - detector - DEBUG - Motion detected in frame 196. Contours found: 110
2026-01-12 23:48:53 - detector - DEBUG - Waiting for frame from input queue...
2026-01-12 23:48:53 - detector - DEBUG - Processing frame 198
2026-01-12 23:48:53 - detector - DEBUG - Motion detected in frame 197. Contours found: 68
2026-01-12 23:48:53 - detector - DEBUG - Waiting for frame from input queue...
2026-01-12 23:48:53 - detector - DEBUG - Processing frame 199
2026-01-12 23:48:53 - detector - DEBUG - Motion detected in frame 198. Contours found: 112
2026-01-12 23:48:53 - detector - DEBUG - Waiting for frame from input queue...
2026-01-12 23:48:53 - detector - DEBUG - Processing frame 200
2026-01-12 23:48:53 - detector - DEBUG - Motion detected in frame 199. Contours found: 132
2026-01-12 23:48:53 - detector - INFO - Processed 200 frames, motion detected in 199 frames
2026-01-12 23:48:53 - detector - DEBUG - Waiting for frame from input queue...
2026-01-12 23:48:53 - presenter - DEBUG - Waiting for processed frame...
2026-01-12 23:48:53 - detector - DEBUG - Processing frame 201
2026-01-12 23:48:53 - detector - DEBUG - Motion detected in frame 200. Contours found: 139
2026-01-12 23:48:53 - detector - DEBUG - Waiting for frame from input queue...
2026-01-12 23:48:53 - detector - DEBUG - Processing frame 202
2026-01-12 23:48:53 - detector - DEBUG - Motion detected in frame 201. Contours found: 117
2026-01-12 23:48:53 - detector - DEBUG - Waiting for frame from input queue...
2026-01-12 23:48:53 - detector - DEBUG - Processing frame 203
2026-01-12 23:48:53 - detector - DEBUG - Motion detected in frame 202. Contours found: 74
2026-01-12 23:48:53 - detector - DEBUG - Waiting for frame from input queue...
2026-01-12 23:48:53 - detector - DEBUG - Processing frame 204
2026-01-12 23:48:53 - detector - DEBUG - Motion detected in frame 203. Contours found: 83
2026-01-12 23:48:53 - detector - DEBUG - Waiting for frame from input queue...
2026-01-12 23:48:53 - detector - DEBUG - Processing frame 205
2026-01-12 23:48:53 - detector - DEBUG - Motion detected in frame 204. Contours found: 103
2026-01-12 23:48:53 - detector - DEBUG - Waiting for frame from input queue...
2026-01-12 23:48:53 - presenter - DEBUG - Waiting for processed frame...
2026-01-12 23:48:53 - detector - DEBUG - Processing frame 206
2026-01-12 23:48:53 - detector - DEBUG - Motion detected in frame 205. Contours found: 115
2026-01-12 23:48:53 - detector - DEBUG - Waiting for frame from input queue...
2026-01-12 23:48:53 - detector - DEBUG - Processing frame 207
2026-01-12 23:48:53 - detector - DEBUG - Motion detected in frame 206. Contours found: 99
2026-01-12 23:48:53 - detector - DEBUG - Waiting for frame from input queue...
2026-01-12 23:48:53 - detector - DEBUG - Processing frame 208
2026-01-12 23:48:53 - detector - DEBUG - Motion detected in frame 207. Contours found: 70
2026-01-12 23:48:53 - detector - DEBUG - Waiting for frame from input queue...
2026-01-12 23:48:53 - detector - DEBUG - Processing frame 209
2026-01-12 23:48:53 - detector - DEBUG - Motion detected in frame 208. Contours found: 107
2026-01-12 23:48:53 - detector - DEBUG - Waiting for frame from input queue...
2026-01-12 23:48:53 - detector - DEBUG - Processing frame 210
2026-01-12 23:48:53 - detector - DEBUG - Motion detected in frame 209. Contours found: 99
2026-01-12 23:48:53 - detector - DEBUG - Waiting for frame from input queue...
2026-01-12 23:48:53 - detector - DEBUG - Processing frame 211
2026-01-12 23:48:53 - detector - DEBUG - Motion detected in frame 210. Contours found: 130
2026-01-12 23:48:53 - detector - DEBUG - Waiting for frame from input queue...
2026-01-12 23:48:53 - presenter - DEBUG - Waiting for processed frame...
2026-01-12 23:48:53 - detector - DEBUG - Processing frame 212
2026-01-12 23:48:53 - detector - DEBUG - Motion detected in frame 211. Contours found: 118
2026-01-12 23:48:53 - detector - DEBUG - Waiting for frame from input queue...
2026-01-12 23:48:53 - detector - DEBUG - Processing frame 213
2026-01-12 23:48:53 - detector - DEBUG - Motion detected in frame 212. Contours found: 88
2026-01-12 23:48:53 - detector - DEBUG - Waiting for frame from input queue...
2026-01-12 23:48:53 - detector - DEBUG - Processing frame 214
2026-01-12 23:48:53 - detector - DEBUG - Motion detected in frame 213. Contours found: 136
2026-01-12 23:48:53 - detector - DEBUG - Waiting for frame from input queue...
2026-01-12 23:48:53 - detector - DEBUG - Processing frame 215
2026-01-12 23:48:53 - detector - DEBUG - Motion detected in frame 214. Contours found: 115
2026-01-12 23:48:53 - detector - DEBUG - Waiting for frame from input queue...
2026-01-12 23:48:53 - presenter - DEBUG - Waiting for processed frame...
2026-01-12 23:48:53 - detector - DEBUG - Processing frame 216
2026-01-12 23:48:53 - detector - DEBUG - Motion detected in frame 215. Contours found: 104
2026-01-12 23:48:53 - detector - DEBUG - Waiting for frame from input queue...
2026-01-12 23:48:53 - detector - DEBUG - Processing frame 217
2026-01-12 23:48:53 - detector - DEBUG - Motion detected in frame 216. Contours found: 110
2026-01-12 23:48:53 - detector - DEBUG - Waiting for frame from input queue...
2026-01-12 23:48:53 - detector - DEBUG - Processing frame 218
2026-01-12 23:48:53 - detector - DEBUG - Motion detected in frame 217. Contours found: 76
2026-01-12 23:48:53 - detector - DEBUG - Waiting for frame from input queue...
2026-01-12 23:48:53 - detector - DEBUG - Processing frame 219
2026-01-12 23:48:53 - detector - DEBUG - Motion detected in frame 218. Contours found: 108
2026-01-12 23:48:53 - detector - DEBUG - Waiting for frame from input queue...
2026-01-12 23:48:53 - detector - DEBUG - Processing frame 220
2026-01-12 23:48:53 - detector - DEBUG - Motion detected in frame 219. Contours found: 95
2026-01-12 23:48:53 - detector - DEBUG - Waiting for frame from input queue...
2026-01-12 23:48:53 - detector - DEBUG - Processing frame 221
2026-01-12 23:48:53 - presenter - DEBUG - Waiting for processed frame...
2026-01-12 23:48:53 - detector - DEBUG - Motion detected in frame 220. Contours found: 104
2026-01-12 23:48:53 - detector - DEBUG - Waiting for frame from input queue...
2026-01-12 23:48:53 - detector - DEBUG - Processing frame 222
2026-01-12 23:48:53 - detector - DEBUG - Motion detected in frame 221. Contours found: 116
2026-01-12 23:48:53 - detector - DEBUG - Waiting for frame from input queue...
2026-01-12 23:48:53 - detector - DEBUG - Processing frame 223
2026-01-12 23:48:53 - detector - DEBUG - Motion detected in frame 222. Contours found: 64
2026-01-12 23:48:53 - detector - DEBUG - Waiting for frame from input queue...
2026-01-12 23:48:53 - detector - DEBUG - Processing frame 224
2026-01-12 23:48:53 - detector - DEBUG - Motion detected in frame 223. Contours found: 124
2026-01-12 23:48:53 - detector - DEBUG - Waiting for frame from input queue...
2026-01-12 23:48:53 - presenter - DEBUG - Waiting for processed frame...
2026-01-12 23:48:53 - detector - DEBUG - Processing frame 225
2026-01-12 23:48:53 - detector - DEBUG - Motion detected in frame 224. Contours found: 123
2026-01-12 23:48:53 - detector - DEBUG - Waiting for frame from input queue...
2026-01-12 23:48:53 - detector - DEBUG - Processing frame 226
2026-01-12 23:48:53 - detector - DEBUG - Motion detected in frame 225. Contours found: 140
2026-01-12 23:48:53 - detector - DEBUG - Waiting for frame from input queue...
2026-01-12 23:48:53 - detector - DEBUG - Processing frame 227
2026-01-12 23:48:53 - detector - DEBUG - Motion detected in frame 226. Contours found: 109
2026-01-12 23:48:53 - detector - DEBUG - Waiting for frame from input queue...
2026-01-12 23:48:53 - detector - DEBUG - Processing frame 228
2026-01-12 23:48:53 - detector - DEBUG - Motion detected in frame 227. Contours found: 69
2026-01-12 23:48:53 - detector - DEBUG - Waiting for frame from input queue...
2026-01-12 23:48:53 - detector - DEBUG - Processing frame 229
2026-01-12 23:48:53 - detector - DEBUG - Motion detected in frame 228. Contours found: 98
2026-01-12 23:48:53 - detector - DEBUG - Waiting for frame from input queue...
2026-01-12 23:48:53 - presenter - DEBUG - Waiting for processed frame...
2026-01-12 23:48:53 - detector - DEBUG - Processing frame 230
2026-01-12 23:48:53 - detector - DEBUG - Motion detected in frame 229. Contours found: 100
2026-01-12 23:48:53 - detector - DEBUG - Waiting for frame from input queue...
2026-01-12 23:48:53 - detector - DEBUG - Processing frame 231
2026-01-12 23:48:53 - detector - DEBUG - Motion detected in frame 230. Contours found: 93
2026-01-12 23:48:53 - detector - DEBUG - Waiting for frame from input queue...
2026-01-12 23:48:53 - detector - DEBUG - Processing frame 232
2026-01-12 23:48:53 - detector - DEBUG - Motion detected in frame 231. Contours found: 93
2026-01-12 23:48:53 - detector - DEBUG - Waiting for frame from input queue...
2026-01-12 23:48:53 - detector - DEBUG - Processing frame 233
2026-01-12 23:48:53 - detector - DEBUG - Motion detected in frame 232. Contours found: 95
2026-01-12 23:48:53 - detector - DEBUG - Waiting for frame from input queue...
2026-01-12 23:48:53 - detector - DEBUG - Processing frame 234
2026-01-12 23:48:53 - detector - DEBUG - Motion detected in frame 233. Contours found: 74
2026-01-12 23:48:53 - detector - DEBUG - Waiting for frame from input queue...
2026-01-12 23:48:53 - detector - DEBUG - Processing frame 235
2026-01-12 23:48:53 - detector - DEBUG - Motion detected in frame 234. Contours found: 105
2026-01-12 23:48:53 - detector - DEBUG - Waiting for frame from input queue...
2026-01-12 23:48:53 - presenter - DEBUG - Waiting for processed frame...
2026-01-12 23:48:53 - detector - DEBUG - Processing frame 236
2026-01-12 23:48:53 - detector - DEBUG - Motion detected in frame 235. Contours found: 102
2026-01-12 23:48:53 - detector - DEBUG - Waiting for frame from input queue...
2026-01-12 23:48:53 - detector - DEBUG - Processing frame 237
2026-01-12 23:48:53 - detector - DEBUG - Motion detected in frame 236. Contours found: 107
2026-01-12 23:48:53 - detector - DEBUG - Waiting for frame from input queue...
2026-01-12 23:48:53 - detector - DEBUG - Processing frame 238
2026-01-12 23:48:53 - detector - DEBUG - Motion detected in frame 237. Contours found: 113
2026-01-12 23:48:53 - detector - DEBUG - Waiting for frame from input queue...
2026-01-12 23:48:53 - detector - DEBUG - Processing frame 239
2026-01-12 23:48:53 - detector - DEBUG - Motion detected in frame 238. Contours found: 78
2026-01-12 23:48:53 - detector - DEBUG - Waiting for frame from input queue...
2026-01-12 23:48:53 - detector - DEBUG - Processing frame 240
2026-01-12 23:48:53 - detector - DEBUG - Motion detected in frame 239. Contours found: 107
2026-01-12 23:48:53 - detector - DEBUG - Waiting for frame from input queue...
2026-01-12 23:48:53 - detector - DEBUG - Processing frame 241
2026-01-12 23:48:53 - presenter - DEBUG - Waiting for processed frame...
2026-01-12 23:48:53 - detector - DEBUG - Motion detected in frame 240. Contours found: 107
2026-01-12 23:48:53 - detector - DEBUG - Waiting for frame from input queue...
2026-01-12 23:48:53 - detector - DEBUG - Processing frame 242
2026-01-12 23:48:53 - detector - DEBUG - Motion detected in frame 241. Contours found: 105
2026-01-12 23:48:53 - detector - DEBUG - Waiting for frame from input queue...
2026-01-12 23:48:53 - detector - DEBUG - Processing frame 243
2026-01-12 23:48:53 - detector - DEBUG - Motion detected in frame 242. Contours found: 108
2026-01-12 23:48:53 - detector - DEBUG - Waiting for frame from input queue...
2026-01-12 23:48:53 - detector - DEBUG - Processing frame 244
2026-01-12 23:48:53 - detector - DEBUG - Motion detected in frame 243. Contours found: 108
2026-01-12 23:48:53 - detector - DEBUG - Waiting for frame from input queue...
2026-01-12 23:48:53 - detector - DEBUG - Processing frame 245
2026-01-12 23:48:53 - detector - DEBUG - Motion detected in frame 244. Contours found: 116
2026-01-12 23:48:53 - detector - DEBUG - Waiting for frame from input queue...
2026-01-12 23:48:53 - detector - DEBUG - Processing frame 246
2026-01-12 23:48:53 - detector - DEBUG - Motion detected in frame 245. Contours found: 134
2026-01-12 23:48:53 - detector - DEBUG - Waiting for frame from input queue...
2026-01-12 23:48:53 - detector - DEBUG - Processing frame 247
2026-01-12 23:48:53 - presenter - DEBUG - Waiting for processed frame...
2026-01-12 23:48:53 - detector - DEBUG - Motion detected in frame 246. Contours found: 86
2026-01-12 23:48:53 - detector - DEBUG - Waiting for frame from input queue...
2026-01-12 23:48:53 - detector - DEBUG - Processing frame 248
2026-01-12 23:48:53 - detector - DEBUG - Motion detected in frame 247. Contours found: 108
2026-01-12 23:48:53 - detector - DEBUG - Waiting for frame from input queue...
2026-01-12 23:48:53 - detector - DEBUG - Processing frame 249
2026-01-12 23:48:53 - detector - DEBUG - Motion detected in frame 248. Contours found: 98
2026-01-12 23:48:53 - detector - DEBUG - Waiting for frame from input queue...
2026-01-12 23:48:53 - detector - DEBUG - Processing frame 250
2026-01-12 23:48:53 - detector - DEBUG - Motion detected in frame 249. Contours found: 104
2026-01-12 23:48:53 - detector - DEBUG - Waiting for frame from input queue...
2026-01-12 23:48:53 - detector - DEBUG - Processing frame 251
2026-01-12 23:48:53 - detector - DEBUG - Motion detected in frame 250. Contours found: 134
2026-01-12 23:48:53 - detector - DEBUG - Waiting for frame from input queue...
2026-01-12 23:48:53 - detector - DEBUG - Processing frame 252
2026-01-12 23:48:53 - detector - DEBUG - Motion detected in frame 251. Contours found: 151
2026-01-12 23:48:53 - detector - DEBUG - Waiting for frame from input queue...
2026-01-12 23:48:53 - presenter - DEBUG - Waiting for processed frame...
2026-01-12 23:48:53 - detector - DEBUG - Processing frame 253
2026-01-12 23:48:53 - detector - DEBUG - Motion detected in frame 252. Contours found: 123
2026-01-12 23:48:53 - detector - DEBUG - Waiting for frame from input queue...
2026-01-12 23:48:53 - detector - DEBUG - Processing frame 254
2026-01-12 23:48:53 - detector - DEBUG - Motion detected in frame 253. Contours found: 100
2026-01-12 23:48:53 - detector - DEBUG - Waiting for frame from input queue...
2026-01-12 23:48:53 - detector - DEBUG - Processing frame 255
2026-01-12 23:48:53 - detector - DEBUG - Motion detected in frame 254. Contours found: 140
2026-01-12 23:48:53 - detector - DEBUG - Waiting for frame from input queue...
2026-01-12 23:48:53 - detector - DEBUG - Processing frame 256
2026-01-12 23:48:53 - detector - DEBUG - Motion detected in frame 255. Contours found: 131
2026-01-12 23:48:53 - detector - DEBUG - Waiting for frame from input queue...
2026-01-12 23:48:53 - detector - DEBUG - Processing frame 257
2026-01-12 23:48:53 - detector - DEBUG - Motion detected in frame 256. Contours found: 127
2026-01-12 23:48:53 - detector - DEBUG - Waiting for frame from input queue...
2026-01-12 23:48:53 - detector - DEBUG - Processing frame 258
2026-01-12 23:48:53 - detector - DEBUG - Motion detected in frame 257. Contours found: 139
2026-01-12 23:48:53 - detector - DEBUG - Waiting for frame from input queue...
2026-01-12 23:48:53 - detector - DEBUG - Processing frame 259
2026-01-12 23:48:53 - detector - DEBUG - Motion detected in frame 258. Contours found: 104
2026-01-12 23:48:53 - detector - DEBUG - Waiting for frame from input queue...
2026-01-12 23:48:53 - detector - DEBUG - Processing frame 260
2026-01-12 23:48:53 - detector - DEBUG - Motion detected in frame 259. Contours found: 111
2026-01-12 23:48:53 - detector - DEBUG - Waiting for frame from input queue...
2026-01-12 23:48:53 - detector - DEBUG - Processing frame 261
2026-01-12 23:48:53 - detector - DEBUG - Motion detected in frame 260. Contours found: 104
2026-01-12 23:48:53 - detector - DEBUG - Waiting for frame from input queue...
2026-01-12 23:48:54 - detector - DEBUG - Processing frame 262
2026-01-12 23:48:54 - detector - DEBUG - Motion detected in frame 261. Contours found: 135
2026-01-12 23:48:54 - detector - DEBUG - Waiting for frame from input queue...
2026-01-12 23:48:54 - detector - DEBUG - Processing frame 263
2026-01-12 23:48:54 - detector - DEBUG - Motion detected in frame 262. Contours found: 116
2026-01-12 23:48:54 - detector - DEBUG - Waiting for frame from input queue...
2026-01-12 23:48:54 - detector - DEBUG - Processing frame 264
2026-01-12 23:48:54 - detector - DEBUG - Motion detected in frame 263. Contours found: 87
2026-01-12 23:48:54 - detector - DEBUG - Waiting for frame from input queue...
2026-01-12 23:48:54 - detector - DEBUG - Processing frame 265
2026-01-12 23:48:54 - detector - DEBUG - Motion detected in frame 264. Contours found: 102
2026-01-12 23:48:54 - detector - DEBUG - Waiting for frame from input queue...
2026-01-12 23:48:54 - detector - DEBUG - Processing frame 266
2026-01-12 23:48:54 - detector - DEBUG - Motion detected in frame 265. Contours found: 128
2026-01-12 23:48:54 - detector - DEBUG - Waiting for frame from input queue...
2026-01-12 23:48:54 - detector - DEBUG - Processing frame 267
2026-01-12 23:48:54 - detector - DEBUG - Motion detected in frame 266. Contours found: 170
2026-01-12 23:48:54 - detector - DEBUG - Waiting for frame from input queue...
2026-01-12 23:48:54 - detector - DEBUG - Processing frame 268
2026-01-12 23:48:54 - detector - DEBUG - Motion detected in frame 267. Contours found: 150
2026-01-12 23:48:54 - detector - DEBUG - Waiting for frame from input queue...
2026-01-12 23:48:54 - detector - DEBUG - Processing frame 269
2026-01-12 23:48:54 - detector - DEBUG - Motion detected in frame 268. Contours found: 90
2026-01-12 23:48:54 - detector - DEBUG - Waiting for frame from input queue...
2026-01-12 23:48:54 - detector - DEBUG - Processing frame 270
2026-01-12 23:48:54 - detector - DEBUG - Motion detected in frame 269. Contours found: 124
2026-01-12 23:48:54 - detector - DEBUG - Waiting for frame from input queue...
2026-01-12 23:48:54 - detector - DEBUG - Processing frame 271
2026-01-12 23:48:54 - detector - DEBUG - Motion detected in frame 270. Contours found: 135
2026-01-12 23:48:54 - detector - DEBUG - Waiting for frame from input queue...
2026-01-12 23:48:54 - detector - DEBUG - Processing frame 272
2026-01-12 23:48:54 - detector - DEBUG - Motion detected in frame 271. Contours found: 159
2026-01-12 23:48:54 - detector - DEBUG - Waiting for frame from input queue...
2026-01-12 23:48:54 - detector - DEBUG - Processing frame 273
2026-01-12 23:48:54 - detector - DEBUG - Motion detected in frame 272. Contours found: 150
2026-01-12 23:48:54 - detector - DEBUG - Waiting for frame from input queue...
2026-01-12 23:48:54 - detector - DEBUG - Processing frame 274
2026-01-12 23:48:54 - detector - DEBUG - Motion detected in frame 273. Contours found: 108
2026-01-12 23:48:54 - detector - DEBUG - Waiting for frame from input queue...
2026-01-12 23:48:54 - detector - DEBUG - Processing frame 275
2026-01-12 23:48:54 - detector - DEBUG - Motion detected in frame 274. Contours found: 103
2026-01-12 23:48:54 - detector - DEBUG - Waiting for frame from input queue...
2026-01-12 23:48:54 - detector - DEBUG - Processing frame 276
2026-01-12 23:48:54 - detector - DEBUG - Motion detected in frame 275. Contours found: 102
2026-01-12 23:48:54 - detector - DEBUG - Waiting for frame from input queue...
2026-01-12 23:48:54 - detector - DEBUG - Processing frame 277
2026-01-12 23:48:54 - detector - DEBUG - Motion detected in frame 276. Contours found: 97
2026-01-12 23:48:54 - detector - DEBUG - Waiting for frame from input queue...
2026-01-12 23:48:54 - detector - DEBUG - Processing frame 278
2026-01-12 23:48:54 - detector - DEBUG - Motion detected in frame 277. Contours found: 102
2026-01-12 23:48:54 - detector - DEBUG - Waiting for frame from input queue...
2026-01-12 23:48:54 - detector - DEBUG - Processing frame 279
2026-01-12 23:48:54 - detector - DEBUG - Motion detected in frame 278. Contours found: 74
2026-01-12 23:48:54 - detector - DEBUG - Waiting for frame from input queue...
2026-01-12 23:48:54 - detector - DEBUG - Processing frame 280
2026-01-12 23:48:54 - detector - DEBUG - Motion detected in frame 279. Contours found: 91
2026-01-12 23:48:54 - detector - DEBUG - Waiting for frame from input queue...
2026-01-12 23:48:54 - detector - DEBUG - Processing frame 281
2026-01-12 23:48:54 - detector - DEBUG - Motion detected in frame 280. Contours found: 94
2026-01-12 23:48:54 - detector - DEBUG - Waiting for frame from input queue...
2026-01-12 23:48:54 - detector - DEBUG - Processing frame 282
2026-01-12 23:48:54 - detector - DEBUG - Motion detected in frame 281. Contours found: 83
2026-01-12 23:48:54 - detector - DEBUG - Waiting for frame from input queue...
2026-01-12 23:48:54 - detector - DEBUG - Processing frame 283
2026-01-12 23:48:54 - detector - DEBUG - Motion detected in frame 282. Contours found: 109
2026-01-12 23:48:54 - detector - DEBUG - Waiting for frame from input queue...
2026-01-12 23:48:54 - detector - DEBUG - Processing frame 284
2026-01-12 23:48:54 - detector - DEBUG - Motion detected in frame 283. Contours found: 99
2026-01-12 23:48:54 - detector - DEBUG - Waiting for frame from input queue...
2026-01-12 23:48:54 - detector - DEBUG - Processing frame 285
2026-01-12 23:48:54 - detector - DEBUG - Motion detected in frame 284. Contours found: 91
2026-01-12 23:48:54 - detector - DEBUG - Waiting for frame from input queue...
2026-01-12 23:48:54 - detector - DEBUG - Processing frame 286
2026-01-12 23:48:54 - detector - DEBUG - Motion detected in frame 285. Contours found: 102
2026-01-12 23:48:54 - detector - DEBUG - Waiting for frame from input queue...
2026-01-12 23:48:54 - detector - DEBUG - Processing frame 287
2026-01-12 23:48:54 - detector - DEBUG - Motion detected in frame 286. Contours found: 90
2026-01-12 23:48:54 - detector - DEBUG - Waiting for frame from input queue...
2026-01-12 23:48:54 - detector - DEBUG - Processing frame 288
2026-01-12 23:48:54 - detector - DEBUG - Motion detected in frame 287. Contours found: 96
2026-01-12 23:48:54 - detector - DEBUG - Waiting for frame from input queue...
2026-01-12 23:48:54 - detector - DEBUG - Processing frame 289
2026-01-12 23:48:54 - detector - DEBUG - Motion detected in frame 288. Contours found: 73
2026-01-12 23:48:54 - detector - DEBUG - Waiting for frame from input queue...
2026-01-12 23:48:54 - detector - DEBUG - Processing frame 290
2026-01-12 23:48:54 - detector - DEBUG - Motion detected in frame 289. Contours found: 82
2026-01-12 23:48:54 - detector - DEBUG - Waiting for frame from input queue...
2026-01-12 23:48:54 - detector - DEBUG - Processing frame 291
2026-01-12 23:48:54 - detector - DEBUG - Motion detected in frame 290. Contours found: 91
2026-01-12 23:48:54 - detector - DEBUG - Waiting for frame from input queue...
2026-01-12 23:48:54 - detector - DEBUG - Processing frame 292
2026-01-12 23:48:54 - detector - DEBUG - Motion detected in frame 291. Contours found: 93
2026-01-12 23:48:54 - detector - DEBUG - Waiting for frame from input queue...
2026-01-12 23:48:54 - detector - DEBUG - Processing frame 293
2026-01-12 23:48:54 - detector - DEBUG - Motion detected in frame 292. Contours found: 88
2026-01-12 23:48:54 - detector - DEBUG - Waiting for frame from input queue...
2026-01-12 23:48:54 - detector - DEBUG - Processing frame 294
2026-01-12 23:48:54 - detector - DEBUG - Motion detected in frame 293. Contours found: 53
2026-01-12 23:48:54 - detector - DEBUG - Waiting for frame from input queue...
2026-01-12 23:48:54 - detector - DEBUG - Processing frame 295
2026-01-12 23:48:54 - detector - DEBUG - Motion detected in frame 294. Contours found: 77
2026-01-12 23:48:54 - detector - DEBUG - Waiting for frame from input queue...
2026-01-12 23:48:54 - detector - DEBUG - Processing frame 296
2026-01-12 23:48:54 - detector - DEBUG - Motion detected in frame 295. Contours found: 82
2026-01-12 23:48:54 - detector - DEBUG - Waiting for frame from input queue...
2026-01-12 23:48:54 - detector - DEBUG - Processing frame 297
2026-01-12 23:48:54 - detector - DEBUG - Motion detected in frame 296. Contours found: 86
2026-01-12 23:48:54 - detector - DEBUG - Waiting for frame from input queue...
2026-01-12 23:48:54 - detector - DEBUG - Processing frame 298
2026-01-12 23:48:54 - detector - DEBUG - Motion detected in frame 297. Contours found: 82
2026-01-12 23:48:54 - detector - DEBUG - Waiting for frame from input queue...
2026-01-12 23:48:54 - detector - DEBUG - Processing frame 299
2026-01-12 23:48:54 - detector - DEBUG - Motion detected in frame 298. Contours found: 60
2026-01-12 23:48:54 - detector - DEBUG - Waiting for frame from input queue...
2026-01-12 23:48:54 - detector - DEBUG - Processing frame 300
2026-01-12 23:48:54 - detector - DEBUG - Motion detected in frame 299. Contours found: 92
2026-01-12 23:48:54 - detector - INFO - Processed 300 frames, motion detected in 299 frames
2026-01-12 23:48:54 - detector - DEBUG - Waiting for frame from input queue...
2026-01-12 23:48:54 - detector - DEBUG - Processing frame 301
2026-01-12 23:48:54 - detector - DEBUG - Motion detected in frame 300. Contours found: 118
2026-01-12 23:48:54 - detector - DEBUG - Waiting for frame from input queue...
2026-01-12 23:48:54 - detector - DEBUG - Processing frame 302
2026-01-12 23:48:54 - detector - DEBUG - Motion detected in frame 301. Contours found: 103
2026-01-12 23:48:54 - detector - DEBUG - Waiting for frame from input queue...
2026-01-12 23:48:54 - detector - DEBUG - Processing frame 303
2026-01-12 23:48:54 - detector - DEBUG - Motion detected in frame 302. Contours found: 74
2026-01-12 23:48:54 - detector - DEBUG - Waiting for frame from input queue...
2026-01-12 23:48:54 - detector - DEBUG - Processing frame 304
2026-01-12 23:48:54 - detector - DEBUG - Motion detected in frame 303. Contours found: 71
2026-01-12 23:48:54 - detector - DEBUG - Waiting for frame from input queue...
2026-01-12 23:48:54 - detector - DEBUG - Processing frame 305
2026-01-12 23:48:54 - detector - DEBUG - Motion detected in frame 304. Contours found: 74
2026-01-12 23:48:54 - detector - DEBUG - Waiting for frame from input queue...
2026-01-12 23:48:54 - detector - DEBUG - Processing frame 306
2026-01-12 23:48:54 - detector - DEBUG - Motion detected in frame 305. Contours found: 69
2026-01-12 23:48:54 - detector - DEBUG - Waiting for frame from input queue...
2026-01-12 23:48:54 - detector - DEBUG - Processing frame 307
2026-01-12 23:48:54 - detector - DEBUG - Motion detected in frame 306. Contours found: 84
2026-01-12 23:48:54 - detector - DEBUG - Waiting for frame from input queue...
2026-01-12 23:48:54 - detector - DEBUG - Processing frame 308
2026-01-12 23:48:54 - detector - DEBUG - Motion detected in frame 307. Contours found: 83
2026-01-12 23:48:54 - detector - DEBUG - Waiting for frame from input queue...
2026-01-12 23:48:54 - detector - DEBUG - Processing frame 309
2026-01-12 23:48:54 - detector - DEBUG - Motion detected in frame 308. Contours found: 64
2026-01-12 23:48:54 - detector - DEBUG - Waiting for frame from input queue...
2026-01-12 23:48:54 - detector - DEBUG - Processing frame 310
2026-01-12 23:48:54 - detector - DEBUG - Motion detected in frame 309. Contours found: 78
2026-01-12 23:48:54 - detector - DEBUG - Waiting for frame from input queue...
2026-01-12 23:48:54 - detector - DEBUG - Processing frame 311
2026-01-12 23:48:54 - detector - DEBUG - Motion detected in frame 310. Contours found: 94
2026-01-12 23:48:54 - detector - DEBUG - Waiting for frame from input queue...
2026-01-12 23:48:54 - detector - DEBUG - Processing frame 312
2026-01-12 23:48:54 - detector - DEBUG - Motion detected in frame 311. Contours found: 73
2026-01-12 23:48:54 - detector - DEBUG - Waiting for frame from input queue...
2026-01-12 23:48:54 - detector - DEBUG - Processing frame 313
2026-01-12 23:48:54 - detector - DEBUG - Motion detected in frame 312. Contours found: 73
2026-01-12 23:48:54 - detector - DEBUG - Waiting for frame from input queue...
2026-01-12 23:48:54 - detector - DEBUG - Processing frame 314
2026-01-12 23:48:54 - detector - DEBUG - Motion detected in frame 313. Contours found: 59
2026-01-12 23:48:54 - detector - DEBUG - Waiting for frame from input queue...
2026-01-12 23:48:54 - detector - DEBUG - Processing frame 315
2026-01-12 23:48:54 - detector - DEBUG - Motion detected in frame 314. Contours found: 81
2026-01-12 23:48:54 - detector - DEBUG - Waiting for frame from input queue...
2026-01-12 23:48:54 - detector - DEBUG - Processing frame 316
2026-01-12 23:48:54 - detector - DEBUG - Motion detected in frame 315. Contours found: 75
2026-01-12 23:48:54 - detector - DEBUG - Waiting for frame from input queue...
2026-01-12 23:48:54 - detector - DEBUG - Processing frame 317
2026-01-12 23:48:54 - detector - DEBUG - Motion detected in frame 316. Contours found: 70
2026-01-12 23:48:54 - detector - DEBUG - Waiting for frame from input queue...
2026-01-12 23:48:54 - detector - DEBUG - Processing frame 318
2026-01-12 23:48:54 - detector - DEBUG - Motion detected in frame 317. Contours found: 78
2026-01-12 23:48:54 - detector - DEBUG - Waiting for frame from input queue...
2026-01-12 23:48:54 - detector - DEBUG - Processing frame 319
2026-01-12 23:48:54 - detector - DEBUG - Motion detected in frame 318. Contours found: 79
2026-01-12 23:48:54 - detector - DEBUG - Waiting for frame from input queue...
2026-01-12 23:48:54 - detector - DEBUG - Processing frame 320
2026-01-12 23:48:54 - detector - DEBUG - Motion detected in frame 319. Contours found: 98
2026-01-12 23:48:54 - detector - DEBUG - Waiting for frame from input queue...
2026-01-12 23:48:54 - detector - DEBUG - Processing frame 321
2026-01-12 23:48:54 - detector - DEBUG - Motion detected in frame 320. Contours found: 103
2026-01-12 23:48:54 - detector - DEBUG - Waiting for frame from input queue...
2026-01-12 23:48:54 - detector - DEBUG - Processing frame 322
2026-01-12 23:48:54 - detector - DEBUG - Motion detected in frame 321. Contours found: 100
2026-01-12 23:48:54 - detector - DEBUG - Waiting for frame from input queue...
2026-01-12 23:48:54 - detector - DEBUG - Processing frame 323
2026-01-12 23:48:54 - detector - DEBUG - Motion detected in frame 322. Contours found: 98
2026-01-12 23:48:54 - detector - DEBUG - Waiting for frame from input queue...
2026-01-12 23:48:54 - detector - DEBUG - Processing frame 324
2026-01-12 23:48:54 - detector - DEBUG - Motion detected in frame 323. Contours found: 99
2026-01-12 23:48:54 - detector - DEBUG - Waiting for frame from input queue...
2026-01-12 23:48:54 - detector - DEBUG - Processing frame 325
2026-01-12 23:48:54 - detector - DEBUG - Motion detected in frame 324. Contours found: 119
2026-01-12 23:48:54 - detector - DEBUG - Waiting for frame from input queue...
2026-01-12 23:48:54 - detector - DEBUG - Processing frame 326
2026-01-12 23:48:54 - detector - DEBUG - Motion detected in frame 325. Contours found: 125
2026-01-12 23:48:54 - detector - DEBUG - Waiting for frame from input queue...
2026-01-12 23:48:54 - detector - DEBUG - Processing frame 327
2026-01-12 23:48:54 - detector - DEBUG - Motion detected in frame 326. Contours found: 125
2026-01-12 23:48:54 - detector - DEBUG - Waiting for frame from input queue...
2026-01-12 23:48:54 - detector - DEBUG - Processing frame 328
2026-01-12 23:48:54 - detector - DEBUG - Motion detected in frame 327. Contours found: 119
2026-01-12 23:48:54 - detector - DEBUG - Waiting for frame from input queue...
2026-01-12 23:48:54 - detector - DEBUG - Processing frame 329
2026-01-12 23:48:54 - detector - DEBUG - Motion detected in frame 328. Contours found: 90
2026-01-12 23:48:54 - detector - DEBUG - Waiting for frame from input queue...
2026-01-12 23:48:54 - detector - DEBUG - Processing frame 330
2026-01-12 23:48:54 - detector - DEBUG - Motion detected in frame 329. Contours found: 116
2026-01-12 23:48:54 - detector - DEBUG - Waiting for frame from input queue...
2026-01-12 23:48:54 - detector - DEBUG - Processing frame 331
2026-01-12 23:48:54 - detector - DEBUG - Motion detected in frame 330. Contours found: 106
2026-01-12 23:48:54 - detector - DEBUG - Waiting for frame from input queue...
2026-01-12 23:48:54 - detector - DEBUG - Processing frame 332
2026-01-12 23:48:54 - detector - DEBUG - Motion detected in frame 331. Contours found: 84
2026-01-12 23:48:54 - detector - DEBUG - Waiting for frame from input queue...
2026-01-12 23:48:54 - detector - DEBUG - Processing frame 333
2026-01-12 23:48:54 - detector - DEBUG - Motion detected in frame 332. Contours found: 93
2026-01-12 23:48:54 - detector - DEBUG - Waiting for frame from input queue...
2026-01-12 23:48:54 - detector - DEBUG - Processing frame 334
2026-01-12 23:48:54 - detector - DEBUG - Motion detected in frame 333. Contours found: 54
2026-01-12 23:48:54 - detector - DEBUG - Waiting for frame from input queue...
2026-01-12 23:48:54 - detector - DEBUG - Processing frame 335
2026-01-12 23:48:54 - detector - DEBUG - Motion detected in frame 334. Contours found: 89
2026-01-12 23:48:54 - detector - DEBUG - Waiting for frame from input queue...
2026-01-12 23:48:54 - detector - DEBUG - Processing frame 336
2026-01-12 23:48:54 - detector - DEBUG - Motion detected in frame 335. Contours found: 87
2026-01-12 23:48:54 - detector - DEBUG - Waiting for frame from input queue...
2026-01-12 23:48:54 - detector - DEBUG - Processing frame 337
2026-01-12 23:48:54 - detector - DEBUG - Motion detected in frame 336. Contours found: 101
2026-01-12 23:48:54 - detector - DEBUG - Waiting for frame from input queue...
2026-01-12 23:48:54 - detector - DEBUG - Processing frame 338
2026-01-12 23:48:54 - detector - DEBUG - Motion detected in frame 337. Contours found: 107
2026-01-12 23:48:54 - detector - DEBUG - Waiting for frame from input queue...
2026-01-12 23:48:54 - detector - DEBUG - Processing frame 339
2026-01-12 23:48:54 - detector - DEBUG - Motion detected in frame 338. Contours found: 66
2026-01-12 23:48:54 - detector - DEBUG - Waiting for frame from input queue...
2026-01-12 23:48:54 - detector - DEBUG - Processing frame 340
2026-01-12 23:48:54 - detector - DEBUG - Motion detected in frame 339. Contours found: 88
2026-01-12 23:48:54 - detector - DEBUG - Waiting for frame from input queue...
2026-01-12 23:48:54 - detector - DEBUG - Processing frame 341
2026-01-12 23:48:54 - detector - DEBUG - Motion detected in frame 340. Contours found: 94
2026-01-12 23:48:54 - detector - DEBUG - Waiting for frame from input queue...
2026-01-12 23:48:54 - detector - INFO - Received termination signal from streamer
2026-01-12 23:48:54 - detector - INFO - Detector process completed. Total frames: 341, Motion frames: 340
2026-01-12 23:48:54 - __main__ - DEBUG - Streamer process joined
